  EnemyDamageEffect.cpp
  HitStop.cpp
  Sea.cpp
  Floor.cpp
  Gauge.cpp
  IconUI.cpp
  CustomShader.cpp
  Texture.cpp
  Messenger.cpp
C:\Program Files\Microsoft Visual Studio\2022\Community\VC\Tools\MSVC\14.37.32822\include\utility(270,61): warning C4267: '初期化中': 'size_t' から '_Ty2' に変換しました。データが失われているかもしれません。
          with
          [
              _Ty2=int
          ]
C:\Users\it232012\Desktop\就職作品\鬼退治\GitHub\-\Game\Observer\Messenger.cpp(138,57): message : コンパイル対象の関数 テンプレート インスタンス化 'std::pair<int,int>::pair<int,unsigned __int64,0>(std::pair<int,unsigned __int64> &&) noexcept' のリファレンスを確認してください
C:\Users\it232012\Desktop\就職作品\鬼退治\GitHub\-\Game\Observer\Messenger.cpp(138,42): message : 'Messenger::CreateKeyRangeList' の 'std::pair<int,int>::pair' への最初の参照を参照してください
  コードを生成中...
  LINK : 前回のインクリメンタル リンクで C:\Users\it232012\Desktop\就職作品\鬼退治\GitHub\-\x64\Debug\3DPG.exe が見つからなかったか、ビルドされませんでした。フル リンクを行います。
     ライブラリ C:\Users\it232012\Desktop\就職作品\鬼退治\GitHub\-\x64\Debug\3DPG.lib とオブジェクト C:\Users\it232012\Desktop\就職作品\鬼退治\GitHub\-\x64\Debug\3DPG.exp を作成中
  3DPG.vcxproj -> C:\Users\it232012\Desktop\就職作品\鬼退治\GitHub\-\x64\Debug\3DPG.exe
