c:\users\it232012\desktop\就職作品\鬼退治\github\鬼退治\x64\debug\3dpg.pch
c:\users\it232012\desktop\就職作品\鬼退治\github\鬼退治\x64\debug\vc143.pdb
c:\users\it232012\desktop\就職作品\鬼退治\github\鬼退治\x64\debug\vc143.idb
c:\users\it232012\desktop\就職作品\鬼退治\github\鬼退治\x64\debug\pch.obj
c:\users\it232012\desktop\就職作品\鬼退治\github\鬼退治\x64\debug\main.obj
c:\users\it232012\desktop\就職作品\鬼退治\github\鬼退治\x64\debug\inputmanager.obj
c:\users\it232012\desktop\就職作品\鬼退治\github\鬼退治\x64\debug\gridfloor.obj
c:\users\it232012\desktop\就職作品\鬼退治\github\鬼退治\x64\debug\debugstring.obj
c:\users\it232012\desktop\就職作品\鬼退治\github\鬼退治\x64\debug\debugcamera.obj
c:\users\it232012\desktop\就職作品\鬼退治\github\鬼退治\x64\debug\debugdraw.obj
c:\users\it232012\desktop\就職作品\鬼退治\github\鬼退治\x64\debug\skyebox.obj
c:\users\it232012\desktop\就職作品\鬼退治\github\鬼退治\x64\debug\titlescene.obj
c:\users\it232012\desktop\就職作品\鬼退治\github\鬼退治\x64\debug\scenemanager.obj
c:\users\it232012\desktop\就職作品\鬼退治\github\鬼退治\x64\debug\playscene.obj
c:\users\it232012\desktop\就職作品\鬼退治\github\鬼退治\x64\debug\player.obj
c:\users\it232012\desktop\就職作品\鬼退治\github\鬼退治\x64\debug\enemyidling.obj
c:\users\it232012\desktop\就職作品\鬼退治\github\鬼退治\x64\debug\enemy.obj
c:\users\it232012\desktop\就職作品\鬼退治\github\鬼退治\x64\debug\commonresources.obj
c:\users\it232012\desktop\就職作品\鬼退治\github\鬼退治\x64\debug\camera.obj
c:\users\it232012\desktop\就職作品\鬼退治\github\鬼退治\x64\debug\game.obj
c:\users\it232012\desktop\就職作品\鬼退治\github\鬼退治\x64\debug\deviceresources.obj
c:\users\it232012\desktop\就職作品\鬼退治\github\鬼退治\x64\debug\xapobaseredist.pdb
c:\users\it232012\desktop\就職作品\鬼退治\github\鬼退治\x64\debug\xaudio2_9redist.pdb
c:\users\it232012\desktop\就職作品\鬼退治\github\鬼退治\x64\debug\xaudio2_9redist.dll
c:\users\it232012\desktop\就職作品\鬼退治\github\鬼退治\x64\debug\3dpg.lib
c:\users\it232012\desktop\就職作品\鬼退治\github\鬼退治\x64\debug\3dpg.exp
c:\users\it232012\desktop\就職作品\鬼退治\github\鬼退治\x64\debug\3dpg.exe
c:\users\it232012\desktop\就職作品\鬼退治\github\鬼退治\x64\debug\3dpg.ilk
c:\users\it232012\desktop\就職作品\鬼退治\github\鬼退治\x64\debug\3dpg.pdb
c:\users\it232012\desktop\就職作品\鬼退治\github\鬼退治\x64\debug\resource.res
c:\users\it232012\desktop\就職作品\鬼退治\github\鬼退治\x64\debug\3dpg.exe.embed.manifest.res
c:\users\it232012\desktop\就職作品\鬼退治\github\鬼退治\x64\debug\3dpg.exe.embed.manifest
c:\users\it232012\desktop\就職作品\鬼退治\github\鬼退治\x64\debug\3dpg_manifest.rc
c:\users\it232012\desktop\就職作品\鬼退治\github\鬼退治\x64\debug\3dpg.tlog\cl.command.1.tlog
c:\users\it232012\desktop\就職作品\鬼退治\github\鬼退治\x64\debug\3dpg.tlog\cl.items.tlog
c:\users\it232012\desktop\就職作品\鬼退治\github\鬼退治\x64\debug\3dpg.tlog\cl.read.1.tlog
c:\users\it232012\desktop\就職作品\鬼退治\github\鬼退治\x64\debug\3dpg.tlog\cl.write.1.tlog
c:\users\it232012\desktop\就職作品\鬼退治\github\鬼退治\x64\debug\3dpg.tlog\copylocal.read.1u.tlog
c:\users\it232012\desktop\就職作品\鬼退治\github\鬼退治\x64\debug\3dpg.tlog\copylocal.write.1u.tlog
c:\users\it232012\desktop\就職作品\鬼退治\github\鬼退治\x64\debug\3dpg.tlog\link.command.1.tlog
c:\users\it232012\desktop\就職作品\鬼退治\github\鬼退治\x64\debug\3dpg.tlog\link.read.1.tlog
c:\users\it232012\desktop\就職作品\鬼退治\github\鬼退治\x64\debug\3dpg.tlog\link.write.1.tlog
c:\users\it232012\desktop\就職作品\鬼退治\github\鬼退治\x64\debug\3dpg.tlog\link.write.2u.tlog
c:\users\it232012\desktop\就職作品\鬼退治\github\鬼退治\x64\debug\3dpg.tlog\rc.command.1.tlog
c:\users\it232012\desktop\就職作品\鬼退治\github\鬼退治\x64\debug\3dpg.tlog\rc.read.1.tlog
c:\users\it232012\desktop\就職作品\鬼退治\github\鬼退治\x64\debug\3dpg.tlog\rc.write.1.tlog
